#! /usr/local/iverilog/bin/vvp
:ivl_version "11.0 (devel)" "(s20150603-612-ga9388a89)";
:ivl_delay_selection "TYPICAL";
:vpi_time_precision - 10;
:vpi_module "system";
:vpi_module "vhdl_sys";
:vpi_module "vhdl_textio";
:vpi_module "v2005_math";
:vpi_module "va_math";
S_0000000002882580 .scope module, "Lab3" "Lab3" 2 6;
 .timescale -9 -10;
    .port_info 0 /INPUT 1 "ADC_CLK_10";
    .port_info 1 /INPUT 1 "MAX10_CLK1_50";
    .port_info 2 /INPUT 1 "MAX10_CLK2_50";
    .port_info 3 /OUTPUT 8 "HEX0";
    .port_info 4 /OUTPUT 8 "HEX1";
    .port_info 5 /OUTPUT 8 "HEX2";
    .port_info 6 /OUTPUT 8 "HEX3";
    .port_info 7 /OUTPUT 8 "HEX4";
    .port_info 8 /OUTPUT 8 "HEX5";
    .port_info 9 /INPUT 2 "KEY";
    .port_info 10 /OUTPUT 10 "LEDR";
    .port_info 11 /INPUT 10 "SW";
P_00000000028a3690 .param/l "HAZARDS" 0 2 70, C4<001>;
P_00000000028a36c8 .param/l "IDLE" 0 2 69, C4<000>;
P_00000000028a3700 .param/l "TURN_LEFT" 0 2 71, C4<010>;
P_00000000028a3738 .param/l "TURN_RIGHT" 0 2 72, C4<011>;
o00000000028badd8 .functor BUFZ 1, C4<z>; HiZ drive
v0000000002916a10_0 .net "ADC_CLK_10", 0 0, o00000000028badd8;  0 drivers
v0000000002916dd0_0 .net "CurrentState", 2 0, v00000000028a5170_0;  1 drivers
v00000000029170f0_0 .net "HEX0", 7 0, L_0000000002891630;  1 drivers
v0000000002916e70_0 .net "HEX1", 7 0, L_00000000028916a0;  1 drivers
v00000000029166f0_0 .net "HEX2", 7 0, L_0000000002891c50;  1 drivers
v0000000002917190_0 .net "HEX3", 7 0, L_0000000002890d70;  1 drivers
v0000000002915bb0_0 .net "HEX4", 7 0, L_0000000002891160;  1 drivers
v00000000029175f0_0 .net "HEX5", 7 0, L_0000000002891a90;  1 drivers
o00000000028bb948 .functor BUFZ 2, C4<zz>; HiZ drive
v00000000029160b0_0 .net "KEY", 1 0, o00000000028bb948;  0 drivers
v0000000002916b50_0 .net "LEDR", 9 0, L_0000000002916470;  1 drivers
o00000000028bb9a8 .functor BUFZ 1, C4<z>; HiZ drive
v0000000002915890_0 .net "MAX10_CLK1_50", 0 0, o00000000028bb9a8;  0 drivers
o00000000028bb9d8 .functor BUFZ 1, C4<z>; HiZ drive
v0000000002915a70_0 .net "MAX10_CLK2_50", 0 0, o00000000028bb9d8;  0 drivers
v0000000002917690_0 .net "NextState", 2 0, L_0000000002891240;  1 drivers
o00000000028bba08 .functor BUFZ 10, C4<zzzzzzzzzz>; HiZ drive
v0000000002916510_0 .net "SW", 9 0, o00000000028bba08;  0 drivers
L_0000000002930088 .functor BUFT 1, C4<0000>, C4<0>, C4<0>, C4<0>;
v0000000002915b10_0 .net/2u *"_s2", 3 0, L_0000000002930088;  1 drivers
v0000000002915d90_0 .net *"_s25", 0 0, L_0000000002916790;  1 drivers
v0000000002915cf0_0 .net *"_s29", 0 0, L_00000000029168d0;  1 drivers
v0000000002916970_0 .var "reset_latch", 0 0;
v0000000002916650_0 .net "s_clk", 0 0, L_00000000028917f0;  1 drivers
v0000000002917050_0 .var "turn_side_r", 0 0;
E_00000000028b0f70 .event negedge, L_00000000029168d0;
E_00000000028b1030 .event negedge, L_0000000002916790;
L_0000000002916330 .part o00000000028bba08, 0, 2;
L_00000000029163d0 .part o00000000028bba08, 0, 2;
L_0000000002916470 .concat8 [ 3 4 3 0], v00000000028a6110_0, L_0000000002930088, v00000000028a5710_0;
L_0000000002916790 .part o00000000028bb948, 0, 1;
L_00000000029168d0 .part o00000000028bb948, 1, 1;
S_00000000028ba5d0 .scope module, "C0" "clock_divider" 2 50, 3 1 0, S_0000000002882580;
 .timescale -9 -10;
    .port_info 0 /INPUT 1 "clk";
    .port_info 1 /INPUT 1 "reset_n";
    .port_info 2 /OUTPUT 1 "slower_clk";
P_00000000028b0570 .param/l "clk_div" 0 3 9, +C4<00000000010011000100101101000000>;
L_00000000028917f0 .functor BUFZ 1, v00000000028a55d0_0, C4<0>, C4<0>, C4<0>;
v00000000028a4db0_0 .net "clk", 0 0, o00000000028badd8;  alias, 0 drivers
v00000000028a5c10_0 .var "div_cntr", 23 0;
v00000000028a58f0_0 .net "reset_n", 0 0, v0000000002916970_0;  1 drivers
v00000000028a4c70_0 .net "slower_clk", 0 0, L_00000000028917f0;  alias, 1 drivers
v00000000028a55d0_0 .var "slw_clk", 0 0;
E_00000000028b0970/0 .event negedge, v00000000028a58f0_0;
E_00000000028b0970/1 .event posedge, v00000000028a4db0_0;
E_00000000028b0970 .event/or E_00000000028b0970/0, E_00000000028b0970/1;
S_00000000028ba970 .scope module, "N0" "NSL" 2 78, 4 1 0, S_0000000002882580;
 .timescale -9 -10;
    .port_info 0 /INPUT 3 "CurrentState";
    .port_info 1 /INPUT 2 "SW";
    .port_info 2 /INPUT 1 "turn_side_r";
    .port_info 3 /OUTPUT 3 "NextState";
P_00000000028b8320 .param/l "HAZARDS" 0 4 9, C4<001>;
P_00000000028b8358 .param/l "IDLE" 0 4 8, C4<000>;
P_00000000028b8390 .param/l "TURN_LEFT" 0 4 10, C4<010>;
P_00000000028b83c8 .param/l "TURN_RIGHT" 0 4 11, C4<011>;
L_0000000002891240 .functor BUFZ 3, v00000000028a5fd0_0, C4<000>, C4<000>, C4<000>;
v00000000028a4b30_0 .net "CurrentState", 2 0, v00000000028a5170_0;  alias, 1 drivers
v00000000028a5670_0 .net "NextState", 2 0, L_0000000002891240;  alias, 1 drivers
v00000000028a5fd0_0 .var "NextState_temp", 2 0;
v00000000028a4bd0_0 .net "SW", 1 0, L_0000000002916330;  1 drivers
v00000000028a6070_0 .net "turn_side_r", 0 0, v0000000002917050_0;  1 drivers
E_00000000028b0230 .event edge, v00000000028a4b30_0;
S_0000000002894df0 .scope module, "O0" "OL" 2 79, 5 1 0, S_0000000002882580;
 .timescale -9 -10;
    .port_info 0 /INPUT 3 "CurrentState";
    .port_info 1 /INPUT 2 "SW";
    .port_info 2 /OUTPUT 8 "HEX0";
    .port_info 3 /OUTPUT 3 "LEDR_L";
    .port_info 4 /OUTPUT 3 "LEDR_R";
P_0000000002894f80 .param/l "HAZARDS" 0 5 11, C4<001>;
P_0000000002894fb8 .param/l "IDLE" 0 5 10, C4<000>;
P_0000000002894ff0 .param/l "TURN_LEFT" 0 5 12, C4<010>;
P_0000000002895028 .param/l "TURN_RIGHT" 0 5 13, C4<011>;
v00000000028a6570_0 .net "CurrentState", 2 0, v00000000028a5170_0;  alias, 1 drivers
v00000000028a4f90_0 .net "HEX0", 7 0, L_0000000002891630;  alias, 1 drivers
v00000000028a5710_0 .var "LEDR_L", 2 0;
v00000000028a6110_0 .var "LEDR_R", 2 0;
v00000000028a5990_0 .net "SW", 1 0, L_00000000029163d0;  1 drivers
v00000000028a4810_0 .var "hazard_r", 0 0;
v00000000028a50d0_0 .var "num", 7 0;
v00000000028a62f0_0 .var "turn_cnt", 0 0;
S_0000000002895070 .scope module, "S0" "SevenSeg" 5 71, 6 1 0, S_0000000002894df0;
 .timescale -9 -10;
    .port_info 0 /OUTPUT 8 "H";
    .port_info 1 /INPUT 8 "NUM";
L_0000000002891630 .functor BUFZ 8, v00000000028a5ad0_0, C4<00000000>, C4<00000000>, C4<00000000>;
v00000000028a4e50_0 .net "H", 7 0, L_0000000002891630;  alias, 1 drivers
v00000000028a48b0_0 .net "NUM", 7 0, v00000000028a50d0_0;  1 drivers
v00000000028a5ad0_0 .var "value", 7 0;
E_00000000028b02b0 .event edge, v00000000028a48b0_0;
S_000000000287f930 .scope module, "S0" "CSL" 2 77, 7 1 0, S_0000000002882580;
 .timescale -9 -10;
    .port_info 0 /INPUT 1 "clk";
    .port_info 1 /INPUT 1 "reset_n";
    .port_info 2 /INPUT 3 "NextState";
    .port_info 3 /OUTPUT 3 "CurrentState";
P_000000000287fac0 .param/l "HAZARDS" 0 7 9, C4<001>;
P_000000000287faf8 .param/l "IDLE" 0 7 8, C4<000>;
P_000000000287fb30 .param/l "TURN_LEFT" 0 7 10, C4<010>;
P_000000000287fb68 .param/l "TURN_RIGHT" 0 7 11, C4<011>;
v00000000028a5170_0 .var "CurrentState", 2 0;
v00000000028a5850_0 .net "NextState", 2 0, L_0000000002891240;  alias, 1 drivers
v00000000028a4950_0 .net "clk", 0 0, L_00000000028917f0;  alias, 1 drivers
v00000000028a49f0_0 .net "reset_n", 0 0, v0000000002916970_0;  alias, 1 drivers
E_00000000028b10f0/0 .event negedge, v00000000028a58f0_0;
E_00000000028b10f0/1 .event posedge, v00000000028a4c70_0;
E_00000000028b10f0 .event/or E_00000000028b10f0/0, E_00000000028b10f0/1;
S_000000000287fbb0 .scope module, "U1" "SevenSeg" 2 35, 6 1 0, S_0000000002882580;
 .timescale -9 -10;
    .port_info 0 /OUTPUT 8 "H";
    .port_info 1 /INPUT 8 "NUM";
L_00000000028916a0 .functor BUFZ 8, v00000000028a5350_0, C4<00000000>, C4<00000000>, C4<00000000>;
v00000000028a5a30_0 .net "H", 7 0, L_00000000028916a0;  alias, 1 drivers
L_00000000029300d0 .functor BUFT 1, C4<01011000>, C4<0>, C4<0>, C4<0>;
v00000000028a6430_0 .net "NUM", 7 0, L_00000000029300d0;  1 drivers
v00000000028a5350_0 .var "value", 7 0;
E_00000000028b02f0 .event edge, v00000000028a6430_0;
S_0000000002890900 .scope module, "U2" "SevenSeg" 2 36, 6 1 0, S_0000000002882580;
 .timescale -9 -10;
    .port_info 0 /OUTPUT 8 "H";
    .port_info 1 /INPUT 8 "NUM";
L_0000000002891c50 .functor BUFZ 8, v00000000028a6250_0, C4<00000000>, C4<00000000>, C4<00000000>;
v00000000028a53f0_0 .net "H", 7 0, L_0000000002891c50;  alias, 1 drivers
L_0000000002930118 .functor BUFT 1, C4<01011000>, C4<0>, C4<0>, C4<0>;
v00000000028a61b0_0 .net "NUM", 7 0, L_0000000002930118;  1 drivers
v00000000028a6250_0 .var "value", 7 0;
E_00000000028b0c30 .event edge, v00000000028a61b0_0;
S_0000000002890a90 .scope module, "U3" "SevenSeg" 2 37, 6 1 0, S_0000000002882580;
 .timescale -9 -10;
    .port_info 0 /OUTPUT 8 "H";
    .port_info 1 /INPUT 8 "NUM";
L_0000000002890d70 .functor BUFZ 8, v00000000028a5cb0_0, C4<00000000>, C4<00000000>, C4<00000000>;
v00000000028a5b70_0 .net "H", 7 0, L_0000000002890d70;  alias, 1 drivers
L_0000000002930160 .functor BUFT 1, C4<01011000>, C4<0>, C4<0>, C4<0>;
v00000000028a5490_0 .net "NUM", 7 0, L_0000000002930160;  1 drivers
v00000000028a5cb0_0 .var "value", 7 0;
E_00000000028b0b70 .event edge, v00000000028a5490_0;
S_0000000002877860 .scope module, "U4" "SevenSeg" 2 38, 6 1 0, S_0000000002882580;
 .timescale -9 -10;
    .port_info 0 /OUTPUT 8 "H";
    .port_info 1 /INPUT 8 "NUM";
L_0000000002891160 .functor BUFZ 8, v000000000090b2f0_0, C4<00000000>, C4<00000000>, C4<00000000>;
v00000000028a5d50_0 .net "H", 7 0, L_0000000002891160;  alias, 1 drivers
L_00000000029301a8 .functor BUFT 1, C4<01011000>, C4<0>, C4<0>, C4<0>;
v00000000028a6390_0 .net "NUM", 7 0, L_00000000029301a8;  1 drivers
v000000000090b2f0_0 .var "value", 7 0;
E_00000000028b0e30 .event edge, v00000000028a6390_0;
S_00000000028779f0 .scope module, "U5" "SevenSeg" 2 39, 6 1 0, S_0000000002882580;
 .timescale -9 -10;
    .port_info 0 /OUTPUT 8 "H";
    .port_info 1 /INPUT 8 "NUM";
L_0000000002891a90 .functor BUFZ 8, v0000000002916010_0, C4<00000000>, C4<00000000>, C4<00000000>;
v0000000002916fb0_0 .net "H", 7 0, L_0000000002891a90;  alias, 1 drivers
L_00000000029301f0 .functor BUFT 1, C4<01011000>, C4<0>, C4<0>, C4<0>;
v00000000029165b0_0 .net "NUM", 7 0, L_00000000029301f0;  1 drivers
v0000000002916010_0 .var "value", 7 0;
E_00000000028b0430 .event edge, v00000000029165b0_0;
S_000000000287ebe0 .scope module, "tb_OL" "tb_OL" 8 3;
 .timescale -9 -10;
L_0000000002891a20 .functor BUFZ 3, v00000000029161f0_0, C4<000>, C4<000>, C4<000>;
L_0000000002891b00 .functor BUFZ 3, v0000000002916290_0, C4<000>, C4<000>, C4<000>;
L_00000000028871f0 .functor BUFZ 3, v0000000002915ed0_0, C4<000>, C4<000>, C4<000>;
v0000000002915ed0_0 .var "CS", 2 0;
v0000000002916ab0_0 .net "CurrentState", 2 0, L_00000000028871f0;  1 drivers
v0000000002915930_0 .var "H0", 7 0;
RS_00000000028bbd08 .resolv tri, v0000000002916f10_0, v0000000002915930_0;
v00000000029159d0_0 .net8 "HEX0", 7 0, RS_00000000028bbd08;  2 drivers
v0000000002916830_0 .var "Rn", 0 0;
v0000000002916150_0 .var "clk", 0 0;
v00000000029161f0_0 .var "l1", 2 0;
v0000000002916290_0 .var "l2", 2 0;
RS_00000000028bbe28 .resolv tri, v0000000002917730_0, L_0000000002891a20;
v0000000002915f70_0 .net8 "led1", 2 0, RS_00000000028bbe28;  2 drivers
RS_00000000028bbe58 .resolv tri, v0000000002917410_0, L_0000000002891b00;
v0000000002916c90_0 .net8 "led2", 2 0, RS_00000000028bbe58;  2 drivers
o00000000028bbe88 .functor BUFZ 2, C4<zz>; HiZ drive
v0000000002916d30_0 .net "sw", 1 0, o00000000028bbe88;  0 drivers
S_000000000288ecc0 .scope module, "O0" "OL" 8 19, 5 1 0, S_000000000287ebe0;
 .timescale -9 -10;
    .port_info 0 /INPUT 3 "CurrentState";
    .port_info 1 /INPUT 2 "SW";
    .port_info 2 /OUTPUT 8 "HEX0";
    .port_info 3 /OUTPUT 3 "LEDR_L";
    .port_info 4 /OUTPUT 3 "LEDR_R";
P_0000000002877b80 .param/l "HAZARDS" 0 5 11, C4<001>;
P_0000000002877bb8 .param/l "IDLE" 0 5 10, C4<000>;
P_0000000002877bf0 .param/l "TURN_LEFT" 0 5 12, C4<010>;
P_0000000002877c28 .param/l "TURN_RIGHT" 0 5 13, C4<011>;
v00000000029172d0_0 .net "CurrentState", 2 0, L_00000000028871f0;  alias, 1 drivers
v0000000002917550_0 .net8 "HEX0", 7 0, RS_00000000028bbd08;  alias, 2 drivers
v0000000002917730_0 .var "LEDR_L", 2 0;
v0000000002917410_0 .var "LEDR_R", 2 0;
v0000000002915c50_0 .net "SW", 1 0, o00000000028bbe88;  alias, 0 drivers
v0000000002916bf0_0 .var "hazard_r", 0 0;
v00000000029174b0_0 .var "num", 7 0;
v0000000002915e30_0 .var "turn_cnt", 0 0;
E_00000000028b0330 .event edge, v00000000029172d0_0;
S_000000000288ee50 .scope module, "S0" "SevenSeg" 5 71, 6 1 0, S_000000000288ecc0;
 .timescale -9 -10;
    .port_info 0 /OUTPUT 8 "H";
    .port_info 1 /INPUT 8 "NUM";
v0000000002917370_0 .net8 "H", 7 0, RS_00000000028bbd08;  alias, 2 drivers
v0000000002917230_0 .net "NUM", 7 0, v00000000029174b0_0;  1 drivers
v0000000002916f10_0 .var "value", 7 0;
E_00000000028b0530 .event edge, v0000000002917230_0;
    .scope S_000000000287fbb0;
T_0 ;
    %wait E_00000000028b02f0;
    %load/vec4 v00000000028a6430_0;
    %dup/vec4;
    %pushi/vec4 0, 0, 8;
    %cmp/u;
    %jmp/1 T_0.0, 6;
    %dup/vec4;
    %pushi/vec4 1, 0, 8;
    %cmp/u;
    %jmp/1 T_0.1, 6;
    %dup/vec4;
    %pushi/vec4 2, 0, 8;
    %cmp/u;
    %jmp/1 T_0.2, 6;
    %dup/vec4;
    %pushi/vec4 3, 0, 8;
    %cmp/u;
    %jmp/1 T_0.3, 6;
    %dup/vec4;
    %pushi/vec4 4, 0, 8;
    %cmp/u;
    %jmp/1 T_0.4, 6;
    %dup/vec4;
    %pushi/vec4 5, 0, 8;
    %cmp/u;
    %jmp/1 T_0.5, 6;
    %dup/vec4;
    %pushi/vec4 6, 0, 8;
    %cmp/u;
    %jmp/1 T_0.6, 6;
    %dup/vec4;
    %pushi/vec4 7, 0, 8;
    %cmp/u;
    %jmp/1 T_0.7, 6;
    %dup/vec4;
    %pushi/vec4 8, 0, 8;
    %cmp/u;
    %jmp/1 T_0.8, 6;
    %dup/vec4;
    %pushi/vec4 9, 0, 8;
    %cmp/u;
    %jmp/1 T_0.9, 6;
    %dup/vec4;
    %pushi/vec4 10, 0, 8;
    %cmp/u;
    %jmp/1 T_0.10, 6;
    %dup/vec4;
    %pushi/vec4 11, 0, 8;
    %cmp/u;
    %jmp/1 T_0.11, 6;
    %dup/vec4;
    %pushi/vec4 12, 0, 8;
    %cmp/u;
    %jmp/1 T_0.12, 6;
    %dup/vec4;
    %pushi/vec4 13, 0, 8;
    %cmp/u;
    %jmp/1 T_0.13, 6;
    %dup/vec4;
    %pushi/vec4 14, 0, 8;
    %cmp/u;
    %jmp/1 T_0.14, 6;
    %dup/vec4;
    %pushi/vec4 15, 0, 8;
    %cmp/u;
    %jmp/1 T_0.15, 6;
    %dup/vec4;
    %pushi/vec4 88, 0, 8;
    %cmp/u;
    %jmp/1 T_0.16, 6;
    %dup/vec4;
    %pushi/vec4 99, 0, 8;
    %cmp/u;
    %jmp/1 T_0.17, 6;
    %pushi/vec4 0, 0, 8;
    %store/vec4 v00000000028a5350_0, 0, 8;
    %jmp T_0.19;
T_0.0 ;
    %pushi/vec4 192, 0, 8;
    %store/vec4 v00000000028a5350_0, 0, 8;
    %jmp T_0.19;
T_0.1 ;
    %pushi/vec4 249, 0, 8;
    %store/vec4 v00000000028a5350_0, 0, 8;
    %jmp T_0.19;
T_0.2 ;
    %pushi/vec4 164, 0, 8;
    %store/vec4 v00000000028a5350_0, 0, 8;
    %jmp T_0.19;
T_0.3 ;
    %pushi/vec4 176, 0, 8;
    %store/vec4 v00000000028a5350_0, 0, 8;
    %jmp T_0.19;
T_0.4 ;
    %pushi/vec4 153, 0, 8;
    %store/vec4 v00000000028a5350_0, 0, 8;
    %jmp T_0.19;
T_0.5 ;
    %pushi/vec4 146, 0, 8;
    %store/vec4 v00000000028a5350_0, 0, 8;
    %jmp T_0.19;
T_0.6 ;
    %pushi/vec4 130, 0, 8;
    %store/vec4 v00000000028a5350_0, 0, 8;
    %jmp T_0.19;
T_0.7 ;
    %pushi/vec4 248, 0, 8;
    %store/vec4 v00000000028a5350_0, 0, 8;
    %jmp T_0.19;
T_0.8 ;
    %pushi/vec4 128, 0, 8;
    %store/vec4 v00000000028a5350_0, 0, 8;
    %jmp T_0.19;
T_0.9 ;
    %pushi/vec4 152, 0, 8;
    %store/vec4 v00000000028a5350_0, 0, 8;
    %jmp T_0.19;
T_0.10 ;
    %pushi/vec4 136, 0, 8;
    %store/vec4 v00000000028a5350_0, 0, 8;
    %jmp T_0.19;
T_0.11 ;
    %pushi/vec4 131, 0, 8;
    %store/vec4 v00000000028a5350_0, 0, 8;
    %jmp T_0.19;
T_0.12 ;
    %pushi/vec4 198, 0, 8;
    %store/vec4 v00000000028a5350_0, 0, 8;
    %jmp T_0.19;
T_0.13 ;
    %pushi/vec4 161, 0, 8;
    %store/vec4 v00000000028a5350_0, 0, 8;
    %jmp T_0.19;
T_0.14 ;
    %pushi/vec4 134, 0, 8;
    %store/vec4 v00000000028a5350_0, 0, 8;
    %jmp T_0.19;
T_0.15 ;
    %pushi/vec4 142, 0, 8;
    %store/vec4 v00000000028a5350_0, 0, 8;
    %jmp T_0.19;
T_0.16 ;
    %pushi/vec4 255, 0, 8;
    %store/vec4 v00000000028a5350_0, 0, 8;
    %jmp T_0.19;
T_0.17 ;
    %pushi/vec4 191, 0, 8;
    %store/vec4 v00000000028a5350_0, 0, 8;
    %jmp T_0.19;
T_0.19 ;
    %pop/vec4 1;
    %jmp T_0;
    .thread T_0, $push;
    .scope S_0000000002890900;
T_1 ;
    %wait E_00000000028b0c30;
    %load/vec4 v00000000028a61b0_0;
    %dup/vec4;
    %pushi/vec4 0, 0, 8;
    %cmp/u;
    %jmp/1 T_1.0, 6;
    %dup/vec4;
    %pushi/vec4 1, 0, 8;
    %cmp/u;
    %jmp/1 T_1.1, 6;
    %dup/vec4;
    %pushi/vec4 2, 0, 8;
    %cmp/u;
    %jmp/1 T_1.2, 6;
    %dup/vec4;
    %pushi/vec4 3, 0, 8;
    %cmp/u;
    %jmp/1 T_1.3, 6;
    %dup/vec4;
    %pushi/vec4 4, 0, 8;
    %cmp/u;
    %jmp/1 T_1.4, 6;
    %dup/vec4;
    %pushi/vec4 5, 0, 8;
    %cmp/u;
    %jmp/1 T_1.5, 6;
    %dup/vec4;
    %pushi/vec4 6, 0, 8;
    %cmp/u;
    %jmp/1 T_1.6, 6;
    %dup/vec4;
    %pushi/vec4 7, 0, 8;
    %cmp/u;
    %jmp/1 T_1.7, 6;
    %dup/vec4;
    %pushi/vec4 8, 0, 8;
    %cmp/u;
    %jmp/1 T_1.8, 6;
    %dup/vec4;
    %pushi/vec4 9, 0, 8;
    %cmp/u;
    %jmp/1 T_1.9, 6;
    %dup/vec4;
    %pushi/vec4 10, 0, 8;
    %cmp/u;
    %jmp/1 T_1.10, 6;
    %dup/vec4;
    %pushi/vec4 11, 0, 8;
    %cmp/u;
    %jmp/1 T_1.11, 6;
    %dup/vec4;
    %pushi/vec4 12, 0, 8;
    %cmp/u;
    %jmp/1 T_1.12, 6;
    %dup/vec4;
    %pushi/vec4 13, 0, 8;
    %cmp/u;
    %jmp/1 T_1.13, 6;
    %dup/vec4;
    %pushi/vec4 14, 0, 8;
    %cmp/u;
    %jmp/1 T_1.14, 6;
    %dup/vec4;
    %pushi/vec4 15, 0, 8;
    %cmp/u;
    %jmp/1 T_1.15, 6;
    %dup/vec4;
    %pushi/vec4 88, 0, 8;
    %cmp/u;
    %jmp/1 T_1.16, 6;
    %dup/vec4;
    %pushi/vec4 99, 0, 8;
    %cmp/u;
    %jmp/1 T_1.17, 6;
    %pushi/vec4 0, 0, 8;
    %store/vec4 v00000000028a6250_0, 0, 8;
    %jmp T_1.19;
T_1.0 ;
    %pushi/vec4 192, 0, 8;
    %store/vec4 v00000000028a6250_0, 0, 8;
    %jmp T_1.19;
T_1.1 ;
    %pushi/vec4 249, 0, 8;
    %store/vec4 v00000000028a6250_0, 0, 8;
    %jmp T_1.19;
T_1.2 ;
    %pushi/vec4 164, 0, 8;
    %store/vec4 v00000000028a6250_0, 0, 8;
    %jmp T_1.19;
T_1.3 ;
    %pushi/vec4 176, 0, 8;
    %store/vec4 v00000000028a6250_0, 0, 8;
    %jmp T_1.19;
T_1.4 ;
    %pushi/vec4 153, 0, 8;
    %store/vec4 v00000000028a6250_0, 0, 8;
    %jmp T_1.19;
T_1.5 ;
    %pushi/vec4 146, 0, 8;
    %store/vec4 v00000000028a6250_0, 0, 8;
    %jmp T_1.19;
T_1.6 ;
    %pushi/vec4 130, 0, 8;
    %store/vec4 v00000000028a6250_0, 0, 8;
    %jmp T_1.19;
T_1.7 ;
    %pushi/vec4 248, 0, 8;
    %store/vec4 v00000000028a6250_0, 0, 8;
    %jmp T_1.19;
T_1.8 ;
    %pushi/vec4 128, 0, 8;
    %store/vec4 v00000000028a6250_0, 0, 8;
    %jmp T_1.19;
T_1.9 ;
    %pushi/vec4 152, 0, 8;
    %store/vec4 v00000000028a6250_0, 0, 8;
    %jmp T_1.19;
T_1.10 ;
    %pushi/vec4 136, 0, 8;
    %store/vec4 v00000000028a6250_0, 0, 8;
    %jmp T_1.19;
T_1.11 ;
    %pushi/vec4 131, 0, 8;
    %store/vec4 v00000000028a6250_0, 0, 8;
    %jmp T_1.19;
T_1.12 ;
    %pushi/vec4 198, 0, 8;
    %store/vec4 v00000000028a6250_0, 0, 8;
    %jmp T_1.19;
T_1.13 ;
    %pushi/vec4 161, 0, 8;
    %store/vec4 v00000000028a6250_0, 0, 8;
    %jmp T_1.19;
T_1.14 ;
    %pushi/vec4 134, 0, 8;
    %store/vec4 v00000000028a6250_0, 0, 8;
    %jmp T_1.19;
T_1.15 ;
    %pushi/vec4 142, 0, 8;
    %store/vec4 v00000000028a6250_0, 0, 8;
    %jmp T_1.19;
T_1.16 ;
    %pushi/vec4 255, 0, 8;
    %store/vec4 v00000000028a6250_0, 0, 8;
    %jmp T_1.19;
T_1.17 ;
    %pushi/vec4 191, 0, 8;
    %store/vec4 v00000000028a6250_0, 0, 8;
    %jmp T_1.19;
T_1.19 ;
    %pop/vec4 1;
    %jmp T_1;
    .thread T_1, $push;
    .scope S_0000000002890a90;
T_2 ;
    %wait E_00000000028b0b70;
    %load/vec4 v00000000028a5490_0;
    %dup/vec4;
    %pushi/vec4 0, 0, 8;
    %cmp/u;
    %jmp/1 T_2.0, 6;
    %dup/vec4;
    %pushi/vec4 1, 0, 8;
    %cmp/u;
    %jmp/1 T_2.1, 6;
    %dup/vec4;
    %pushi/vec4 2, 0, 8;
    %cmp/u;
    %jmp/1 T_2.2, 6;
    %dup/vec4;
    %pushi/vec4 3, 0, 8;
    %cmp/u;
    %jmp/1 T_2.3, 6;
    %dup/vec4;
    %pushi/vec4 4, 0, 8;
    %cmp/u;
    %jmp/1 T_2.4, 6;
    %dup/vec4;
    %pushi/vec4 5, 0, 8;
    %cmp/u;
    %jmp/1 T_2.5, 6;
    %dup/vec4;
    %pushi/vec4 6, 0, 8;
    %cmp/u;
    %jmp/1 T_2.6, 6;
    %dup/vec4;
    %pushi/vec4 7, 0, 8;
    %cmp/u;
    %jmp/1 T_2.7, 6;
    %dup/vec4;
    %pushi/vec4 8, 0, 8;
    %cmp/u;
    %jmp/1 T_2.8, 6;
    %dup/vec4;
    %pushi/vec4 9, 0, 8;
    %cmp/u;
    %jmp/1 T_2.9, 6;
    %dup/vec4;
    %pushi/vec4 10, 0, 8;
    %cmp/u;
    %jmp/1 T_2.10, 6;
    %dup/vec4;
    %pushi/vec4 11, 0, 8;
    %cmp/u;
    %jmp/1 T_2.11, 6;
    %dup/vec4;
    %pushi/vec4 12, 0, 8;
    %cmp/u;
    %jmp/1 T_2.12, 6;
    %dup/vec4;
    %pushi/vec4 13, 0, 8;
    %cmp/u;
    %jmp/1 T_2.13, 6;
    %dup/vec4;
    %pushi/vec4 14, 0, 8;
    %cmp/u;
    %jmp/1 T_2.14, 6;
    %dup/vec4;
    %pushi/vec4 15, 0, 8;
    %cmp/u;
    %jmp/1 T_2.15, 6;
    %dup/vec4;
    %pushi/vec4 88, 0, 8;
    %cmp/u;
    %jmp/1 T_2.16, 6;
    %dup/vec4;
    %pushi/vec4 99, 0, 8;
    %cmp/u;
    %jmp/1 T_2.17, 6;
    %pushi/vec4 0, 0, 8;
    %store/vec4 v00000000028a5cb0_0, 0, 8;
    %jmp T_2.19;
T_2.0 ;
    %pushi/vec4 192, 0, 8;
    %store/vec4 v00000000028a5cb0_0, 0, 8;
    %jmp T_2.19;
T_2.1 ;
    %pushi/vec4 249, 0, 8;
    %store/vec4 v00000000028a5cb0_0, 0, 8;
    %jmp T_2.19;
T_2.2 ;
    %pushi/vec4 164, 0, 8;
    %store/vec4 v00000000028a5cb0_0, 0, 8;
    %jmp T_2.19;
T_2.3 ;
    %pushi/vec4 176, 0, 8;
    %store/vec4 v00000000028a5cb0_0, 0, 8;
    %jmp T_2.19;
T_2.4 ;
    %pushi/vec4 153, 0, 8;
    %store/vec4 v00000000028a5cb0_0, 0, 8;
    %jmp T_2.19;
T_2.5 ;
    %pushi/vec4 146, 0, 8;
    %store/vec4 v00000000028a5cb0_0, 0, 8;
    %jmp T_2.19;
T_2.6 ;
    %pushi/vec4 130, 0, 8;
    %store/vec4 v00000000028a5cb0_0, 0, 8;
    %jmp T_2.19;
T_2.7 ;
    %pushi/vec4 248, 0, 8;
    %store/vec4 v00000000028a5cb0_0, 0, 8;
    %jmp T_2.19;
T_2.8 ;
    %pushi/vec4 128, 0, 8;
    %store/vec4 v00000000028a5cb0_0, 0, 8;
    %jmp T_2.19;
T_2.9 ;
    %pushi/vec4 152, 0, 8;
    %store/vec4 v00000000028a5cb0_0, 0, 8;
    %jmp T_2.19;
T_2.10 ;
    %pushi/vec4 136, 0, 8;
    %store/vec4 v00000000028a5cb0_0, 0, 8;
    %jmp T_2.19;
T_2.11 ;
    %pushi/vec4 131, 0, 8;
    %store/vec4 v00000000028a5cb0_0, 0, 8;
    %jmp T_2.19;
T_2.12 ;
    %pushi/vec4 198, 0, 8;
    %store/vec4 v00000000028a5cb0_0, 0, 8;
    %jmp T_2.19;
T_2.13 ;
    %pushi/vec4 161, 0, 8;
    %store/vec4 v00000000028a5cb0_0, 0, 8;
    %jmp T_2.19;
T_2.14 ;
    %pushi/vec4 134, 0, 8;
    %store/vec4 v00000000028a5cb0_0, 0, 8;
    %jmp T_2.19;
T_2.15 ;
    %pushi/vec4 142, 0, 8;
    %store/vec4 v00000000028a5cb0_0, 0, 8;
    %jmp T_2.19;
T_2.16 ;
    %pushi/vec4 255, 0, 8;
    %store/vec4 v00000000028a5cb0_0, 0, 8;
    %jmp T_2.19;
T_2.17 ;
    %pushi/vec4 191, 0, 8;
    %store/vec4 v00000000028a5cb0_0, 0, 8;
    %jmp T_2.19;
T_2.19 ;
    %pop/vec4 1;
    %jmp T_2;
    .thread T_2, $push;
    .scope S_0000000002877860;
T_3 ;
    %wait E_00000000028b0e30;
    %load/vec4 v00000000028a6390_0;
    %dup/vec4;
    %pushi/vec4 0, 0, 8;
    %cmp/u;
    %jmp/1 T_3.0, 6;
    %dup/vec4;
    %pushi/vec4 1, 0, 8;
    %cmp/u;
    %jmp/1 T_3.1, 6;
    %dup/vec4;
    %pushi/vec4 2, 0, 8;
    %cmp/u;
    %jmp/1 T_3.2, 6;
    %dup/vec4;
    %pushi/vec4 3, 0, 8;
    %cmp/u;
    %jmp/1 T_3.3, 6;
    %dup/vec4;
    %pushi/vec4 4, 0, 8;
    %cmp/u;
    %jmp/1 T_3.4, 6;
    %dup/vec4;
    %pushi/vec4 5, 0, 8;
    %cmp/u;
    %jmp/1 T_3.5, 6;
    %dup/vec4;
    %pushi/vec4 6, 0, 8;
    %cmp/u;
    %jmp/1 T_3.6, 6;
    %dup/vec4;
    %pushi/vec4 7, 0, 8;
    %cmp/u;
    %jmp/1 T_3.7, 6;
    %dup/vec4;
    %pushi/vec4 8, 0, 8;
    %cmp/u;
    %jmp/1 T_3.8, 6;
    %dup/vec4;
    %pushi/vec4 9, 0, 8;
    %cmp/u;
    %jmp/1 T_3.9, 6;
    %dup/vec4;
    %pushi/vec4 10, 0, 8;
    %cmp/u;
    %jmp/1 T_3.10, 6;
    %dup/vec4;
    %pushi/vec4 11, 0, 8;
    %cmp/u;
    %jmp/1 T_3.11, 6;
    %dup/vec4;
    %pushi/vec4 12, 0, 8;
    %cmp/u;
    %jmp/1 T_3.12, 6;
    %dup/vec4;
    %pushi/vec4 13, 0, 8;
    %cmp/u;
    %jmp/1 T_3.13, 6;
    %dup/vec4;
    %pushi/vec4 14, 0, 8;
    %cmp/u;
    %jmp/1 T_3.14, 6;
    %dup/vec4;
    %pushi/vec4 15, 0, 8;
    %cmp/u;
    %jmp/1 T_3.15, 6;
    %dup/vec4;
    %pushi/vec4 88, 0, 8;
    %cmp/u;
    %jmp/1 T_3.16, 6;
    %dup/vec4;
    %pushi/vec4 99, 0, 8;
    %cmp/u;
    %jmp/1 T_3.17, 6;
    %pushi/vec4 0, 0, 8;
    %store/vec4 v000000000090b2f0_0, 0, 8;
    %jmp T_3.19;
T_3.0 ;
    %pushi/vec4 192, 0, 8;
    %store/vec4 v000000000090b2f0_0, 0, 8;
    %jmp T_3.19;
T_3.1 ;
    %pushi/vec4 249, 0, 8;
    %store/vec4 v000000000090b2f0_0, 0, 8;
    %jmp T_3.19;
T_3.2 ;
    %pushi/vec4 164, 0, 8;
    %store/vec4 v000000000090b2f0_0, 0, 8;
    %jmp T_3.19;
T_3.3 ;
    %pushi/vec4 176, 0, 8;
    %store/vec4 v000000000090b2f0_0, 0, 8;
    %jmp T_3.19;
T_3.4 ;
    %pushi/vec4 153, 0, 8;
    %store/vec4 v000000000090b2f0_0, 0, 8;
    %jmp T_3.19;
T_3.5 ;
    %pushi/vec4 146, 0, 8;
    %store/vec4 v000000000090b2f0_0, 0, 8;
    %jmp T_3.19;
T_3.6 ;
    %pushi/vec4 130, 0, 8;
    %store/vec4 v000000000090b2f0_0, 0, 8;
    %jmp T_3.19;
T_3.7 ;
    %pushi/vec4 248, 0, 8;
    %store/vec4 v000000000090b2f0_0, 0, 8;
    %jmp T_3.19;
T_3.8 ;
    %pushi/vec4 128, 0, 8;
    %store/vec4 v000000000090b2f0_0, 0, 8;
    %jmp T_3.19;
T_3.9 ;
    %pushi/vec4 152, 0, 8;
    %store/vec4 v000000000090b2f0_0, 0, 8;
    %jmp T_3.19;
T_3.10 ;
    %pushi/vec4 136, 0, 8;
    %store/vec4 v000000000090b2f0_0, 0, 8;
    %jmp T_3.19;
T_3.11 ;
    %pushi/vec4 131, 0, 8;
    %store/vec4 v000000000090b2f0_0, 0, 8;
    %jmp T_3.19;
T_3.12 ;
    %pushi/vec4 198, 0, 8;
    %store/vec4 v000000000090b2f0_0, 0, 8;
    %jmp T_3.19;
T_3.13 ;
    %pushi/vec4 161, 0, 8;
    %store/vec4 v000000000090b2f0_0, 0, 8;
    %jmp T_3.19;
T_3.14 ;
    %pushi/vec4 134, 0, 8;
    %store/vec4 v000000000090b2f0_0, 0, 8;
    %jmp T_3.19;
T_3.15 ;
    %pushi/vec4 142, 0, 8;
    %store/vec4 v000000000090b2f0_0, 0, 8;
    %jmp T_3.19;
T_3.16 ;
    %pushi/vec4 255, 0, 8;
    %store/vec4 v000000000090b2f0_0, 0, 8;
    %jmp T_3.19;
T_3.17 ;
    %pushi/vec4 191, 0, 8;
    %store/vec4 v000000000090b2f0_0, 0, 8;
    %jmp T_3.19;
T_3.19 ;
    %pop/vec4 1;
    %jmp T_3;
    .thread T_3, $push;
    .scope S_00000000028779f0;
T_4 ;
    %wait E_00000000028b0430;
    %load/vec4 v00000000029165b0_0;
    %dup/vec4;
    %pushi/vec4 0, 0, 8;
    %cmp/u;
    %jmp/1 T_4.0, 6;
    %dup/vec4;
    %pushi/vec4 1, 0, 8;
    %cmp/u;
    %jmp/1 T_4.1, 6;
    %dup/vec4;
    %pushi/vec4 2, 0, 8;
    %cmp/u;
    %jmp/1 T_4.2, 6;
    %dup/vec4;
    %pushi/vec4 3, 0, 8;
    %cmp/u;
    %jmp/1 T_4.3, 6;
    %dup/vec4;
    %pushi/vec4 4, 0, 8;
    %cmp/u;
    %jmp/1 T_4.4, 6;
    %dup/vec4;
    %pushi/vec4 5, 0, 8;
    %cmp/u;
    %jmp/1 T_4.5, 6;
    %dup/vec4;
    %pushi/vec4 6, 0, 8;
    %cmp/u;
    %jmp/1 T_4.6, 6;
    %dup/vec4;
    %pushi/vec4 7, 0, 8;
    %cmp/u;
    %jmp/1 T_4.7, 6;
    %dup/vec4;
    %pushi/vec4 8, 0, 8;
    %cmp/u;
    %jmp/1 T_4.8, 6;
    %dup/vec4;
    %pushi/vec4 9, 0, 8;
    %cmp/u;
    %jmp/1 T_4.9, 6;
    %dup/vec4;
    %pushi/vec4 10, 0, 8;
    %cmp/u;
    %jmp/1 T_4.10, 6;
    %dup/vec4;
    %pushi/vec4 11, 0, 8;
    %cmp/u;
    %jmp/1 T_4.11, 6;
    %dup/vec4;
    %pushi/vec4 12, 0, 8;
    %cmp/u;
    %jmp/1 T_4.12, 6;
    %dup/vec4;
    %pushi/vec4 13, 0, 8;
    %cmp/u;
    %jmp/1 T_4.13, 6;
    %dup/vec4;
    %pushi/vec4 14, 0, 8;
    %cmp/u;
    %jmp/1 T_4.14, 6;
    %dup/vec4;
    %pushi/vec4 15, 0, 8;
    %cmp/u;
    %jmp/1 T_4.15, 6;
    %dup/vec4;
    %pushi/vec4 88, 0, 8;
    %cmp/u;
    %jmp/1 T_4.16, 6;
    %dup/vec4;
    %pushi/vec4 99, 0, 8;
    %cmp/u;
    %jmp/1 T_4.17, 6;
    %pushi/vec4 0, 0, 8;
    %store/vec4 v0000000002916010_0, 0, 8;
    %jmp T_4.19;
T_4.0 ;
    %pushi/vec4 192, 0, 8;
    %store/vec4 v0000000002916010_0, 0, 8;
    %jmp T_4.19;
T_4.1 ;
    %pushi/vec4 249, 0, 8;
    %store/vec4 v0000000002916010_0, 0, 8;
    %jmp T_4.19;
T_4.2 ;
    %pushi/vec4 164, 0, 8;
    %store/vec4 v0000000002916010_0, 0, 8;
    %jmp T_4.19;
T_4.3 ;
    %pushi/vec4 176, 0, 8;
    %store/vec4 v0000000002916010_0, 0, 8;
    %jmp T_4.19;
T_4.4 ;
    %pushi/vec4 153, 0, 8;
    %store/vec4 v0000000002916010_0, 0, 8;
    %jmp T_4.19;
T_4.5 ;
    %pushi/vec4 146, 0, 8;
    %store/vec4 v0000000002916010_0, 0, 8;
    %jmp T_4.19;
T_4.6 ;
    %pushi/vec4 130, 0, 8;
    %store/vec4 v0000000002916010_0, 0, 8;
    %jmp T_4.19;
T_4.7 ;
    %pushi/vec4 248, 0, 8;
    %store/vec4 v0000000002916010_0, 0, 8;
    %jmp T_4.19;
T_4.8 ;
    %pushi/vec4 128, 0, 8;
    %store/vec4 v0000000002916010_0, 0, 8;
    %jmp T_4.19;
T_4.9 ;
    %pushi/vec4 152, 0, 8;
    %store/vec4 v0000000002916010_0, 0, 8;
    %jmp T_4.19;
T_4.10 ;
    %pushi/vec4 136, 0, 8;
    %store/vec4 v0000000002916010_0, 0, 8;
    %jmp T_4.19;
T_4.11 ;
    %pushi/vec4 131, 0, 8;
    %store/vec4 v0000000002916010_0, 0, 8;
    %jmp T_4.19;
T_4.12 ;
    %pushi/vec4 198, 0, 8;
    %store/vec4 v0000000002916010_0, 0, 8;
    %jmp T_4.19;
T_4.13 ;
    %pushi/vec4 161, 0, 8;
    %store/vec4 v0000000002916010_0, 0, 8;
    %jmp T_4.19;
T_4.14 ;
    %pushi/vec4 134, 0, 8;
    %store/vec4 v0000000002916010_0, 0, 8;
    %jmp T_4.19;
T_4.15 ;
    %pushi/vec4 142, 0, 8;
    %store/vec4 v0000000002916010_0, 0, 8;
    %jmp T_4.19;
T_4.16 ;
    %pushi/vec4 255, 0, 8;
    %store/vec4 v0000000002916010_0, 0, 8;
    %jmp T_4.19;
T_4.17 ;
    %pushi/vec4 191, 0, 8;
    %store/vec4 v0000000002916010_0, 0, 8;
    %jmp T_4.19;
T_4.19 ;
    %pop/vec4 1;
    %jmp T_4;
    .thread T_4, $push;
    .scope S_00000000028ba5d0;
T_5 ;
    %wait E_00000000028b0970;
    %load/vec4 v00000000028a58f0_0;
    %pad/u 32;
    %cmpi/e 0, 0, 32;
    %jmp/0xz  T_5.0, 4;
    %pushi/vec4 0, 0, 24;
    %assign/vec4 v00000000028a5c10_0, 0;
    %pushi/vec4 0, 0, 1;
    %assign/vec4 v00000000028a55d0_0, 0;
    %jmp T_5.1;
T_5.0 ;
    %load/vec4 v00000000028a5c10_0;
    %pad/u 32;
    %cmpi/e 4999999, 0, 32;
    %jmp/0xz  T_5.2, 4;
    %pushi/vec4 0, 0, 24;
    %assign/vec4 v00000000028a5c10_0, 0;
    %load/vec4 v00000000028a55d0_0;
    %inv;
    %assign/vec4 v00000000028a55d0_0, 0;
    %jmp T_5.3;
T_5.2 ;
    %load/vec4 v00000000028a5c10_0;
    %addi 1, 0, 24;
    %assign/vec4 v00000000028a5c10_0, 0;
T_5.3 ;
T_5.1 ;
    %jmp T_5;
    .thread T_5;
    .scope S_000000000287f930;
T_6 ;
    %wait E_00000000028b10f0;
    %load/vec4 v00000000028a49f0_0;
    %pad/u 32;
    %cmpi/e 0, 0, 32;
    %jmp/0xz  T_6.0, 4;
    %pushi/vec4 0, 0, 3;
    %store/vec4 v00000000028a5170_0, 0, 3;
    %jmp T_6.1;
T_6.0 ;
    %load/vec4 v00000000028a5850_0;
    %store/vec4 v00000000028a5170_0, 0, 3;
T_6.1 ;
    %jmp T_6;
    .thread T_6;
    .scope S_00000000028ba970;
T_7 ;
    %wait E_00000000028b0230;
    %load/vec4 v00000000028a4bd0_0;
    %parti/s 1, 0, 2;
    %pad/u 32;
    %cmpi/e 1, 0, 32;
    %jmp/0xz  T_7.0, 4;
    %pushi/vec4 1, 0, 3;
    %assign/vec4 v00000000028a5fd0_0, 0;
    %jmp T_7.1;
T_7.0 ;
    %load/vec4 v00000000028a4bd0_0;
    %parti/s 1, 1, 2;
    %pad/u 32;
    %cmpi/e 1, 0, 32;
    %jmp/0xz  T_7.2, 4;
    %load/vec4 v00000000028a6070_0;
    %pad/u 32;
    %cmpi/e 0, 0, 32;
    %jmp/0xz  T_7.4, 4;
    %pushi/vec4 2, 0, 3;
    %assign/vec4 v00000000028a5fd0_0, 0;
    %jmp T_7.5;
T_7.4 ;
    %load/vec4 v00000000028a6070_0;
    %pad/u 32;
    %cmpi/e 1, 0, 32;
    %jmp/0xz  T_7.6, 4;
    %pushi/vec4 3, 0, 3;
    %assign/vec4 v00000000028a5fd0_0, 0;
T_7.6 ;
T_7.5 ;
    %jmp T_7.3;
T_7.2 ;
    %pushi/vec4 0, 0, 3;
    %assign/vec4 v00000000028a5fd0_0, 0;
T_7.3 ;
T_7.1 ;
    %jmp T_7;
    .thread T_7, $push;
    .scope S_0000000002895070;
T_8 ;
    %wait E_00000000028b02b0;
    %load/vec4 v00000000028a48b0_0;
    %dup/vec4;
    %pushi/vec4 0, 0, 8;
    %cmp/u;
    %jmp/1 T_8.0, 6;
    %dup/vec4;
    %pushi/vec4 1, 0, 8;
    %cmp/u;
    %jmp/1 T_8.1, 6;
    %dup/vec4;
    %pushi/vec4 2, 0, 8;
    %cmp/u;
    %jmp/1 T_8.2, 6;
    %dup/vec4;
    %pushi/vec4 3, 0, 8;
    %cmp/u;
    %jmp/1 T_8.3, 6;
    %dup/vec4;
    %pushi/vec4 4, 0, 8;
    %cmp/u;
    %jmp/1 T_8.4, 6;
    %dup/vec4;
    %pushi/vec4 5, 0, 8;
    %cmp/u;
    %jmp/1 T_8.5, 6;
    %dup/vec4;
    %pushi/vec4 6, 0, 8;
    %cmp/u;
    %jmp/1 T_8.6, 6;
    %dup/vec4;
    %pushi/vec4 7, 0, 8;
    %cmp/u;
    %jmp/1 T_8.7, 6;
    %dup/vec4;
    %pushi/vec4 8, 0, 8;
    %cmp/u;
    %jmp/1 T_8.8, 6;
    %dup/vec4;
    %pushi/vec4 9, 0, 8;
    %cmp/u;
    %jmp/1 T_8.9, 6;
    %dup/vec4;
    %pushi/vec4 10, 0, 8;
    %cmp/u;
    %jmp/1 T_8.10, 6;
    %dup/vec4;
    %pushi/vec4 11, 0, 8;
    %cmp/u;
    %jmp/1 T_8.11, 6;
    %dup/vec4;
    %pushi/vec4 12, 0, 8;
    %cmp/u;
    %jmp/1 T_8.12, 6;
    %dup/vec4;
    %pushi/vec4 13, 0, 8;
    %cmp/u;
    %jmp/1 T_8.13, 6;
    %dup/vec4;
    %pushi/vec4 14, 0, 8;
    %cmp/u;
    %jmp/1 T_8.14, 6;
    %dup/vec4;
    %pushi/vec4 15, 0, 8;
    %cmp/u;
    %jmp/1 T_8.15, 6;
    %dup/vec4;
    %pushi/vec4 88, 0, 8;
    %cmp/u;
    %jmp/1 T_8.16, 6;
    %dup/vec4;
    %pushi/vec4 99, 0, 8;
    %cmp/u;
    %jmp/1 T_8.17, 6;
    %pushi/vec4 0, 0, 8;
    %store/vec4 v00000000028a5ad0_0, 0, 8;
    %jmp T_8.19;
T_8.0 ;
    %pushi/vec4 192, 0, 8;
    %store/vec4 v00000000028a5ad0_0, 0, 8;
    %jmp T_8.19;
T_8.1 ;
    %pushi/vec4 249, 0, 8;
    %store/vec4 v00000000028a5ad0_0, 0, 8;
    %jmp T_8.19;
T_8.2 ;
    %pushi/vec4 164, 0, 8;
    %store/vec4 v00000000028a5ad0_0, 0, 8;
    %jmp T_8.19;
T_8.3 ;
    %pushi/vec4 176, 0, 8;
    %store/vec4 v00000000028a5ad0_0, 0, 8;
    %jmp T_8.19;
T_8.4 ;
    %pushi/vec4 153, 0, 8;
    %store/vec4 v00000000028a5ad0_0, 0, 8;
    %jmp T_8.19;
T_8.5 ;
    %pushi/vec4 146, 0, 8;
    %store/vec4 v00000000028a5ad0_0, 0, 8;
    %jmp T_8.19;
T_8.6 ;
    %pushi/vec4 130, 0, 8;
    %store/vec4 v00000000028a5ad0_0, 0, 8;
    %jmp T_8.19;
T_8.7 ;
    %pushi/vec4 248, 0, 8;
    %store/vec4 v00000000028a5ad0_0, 0, 8;
    %jmp T_8.19;
T_8.8 ;
    %pushi/vec4 128, 0, 8;
    %store/vec4 v00000000028a5ad0_0, 0, 8;
    %jmp T_8.19;
T_8.9 ;
    %pushi/vec4 152, 0, 8;
    %store/vec4 v00000000028a5ad0_0, 0, 8;
    %jmp T_8.19;
T_8.10 ;
    %pushi/vec4 136, 0, 8;
    %store/vec4 v00000000028a5ad0_0, 0, 8;
    %jmp T_8.19;
T_8.11 ;
    %pushi/vec4 131, 0, 8;
    %store/vec4 v00000000028a5ad0_0, 0, 8;
    %jmp T_8.19;
T_8.12 ;
    %pushi/vec4 198, 0, 8;
    %store/vec4 v00000000028a5ad0_0, 0, 8;
    %jmp T_8.19;
T_8.13 ;
    %pushi/vec4 161, 0, 8;
    %store/vec4 v00000000028a5ad0_0, 0, 8;
    %jmp T_8.19;
T_8.14 ;
    %pushi/vec4 134, 0, 8;
    %store/vec4 v00000000028a5ad0_0, 0, 8;
    %jmp T_8.19;
T_8.15 ;
    %pushi/vec4 142, 0, 8;
    %store/vec4 v00000000028a5ad0_0, 0, 8;
    %jmp T_8.19;
T_8.16 ;
    %pushi/vec4 255, 0, 8;
    %store/vec4 v00000000028a5ad0_0, 0, 8;
    %jmp T_8.19;
T_8.17 ;
    %pushi/vec4 191, 0, 8;
    %store/vec4 v00000000028a5ad0_0, 0, 8;
    %jmp T_8.19;
T_8.19 ;
    %pop/vec4 1;
    %jmp T_8;
    .thread T_8, $push;
    .scope S_0000000002894df0;
T_9 ;
    %pushi/vec4 0, 0, 1;
    %store/vec4 v00000000028a4810_0, 0, 1;
    %pushi/vec4 0, 0, 1;
    %store/vec4 v00000000028a62f0_0, 0, 1;
    %end;
    .thread T_9;
    .scope S_0000000002894df0;
T_10 ;
    %wait E_00000000028b0230;
    %load/vec4 v00000000028a6570_0;
    %dup/vec4;
    %pushi/vec4 0, 0, 3;
    %cmp/u;
    %jmp/1 T_10.0, 6;
    %dup/vec4;
    %pushi/vec4 1, 0, 3;
    %cmp/u;
    %jmp/1 T_10.1, 6;
    %dup/vec4;
    %pushi/vec4 2, 0, 3;
    %cmp/u;
    %jmp/1 T_10.2, 6;
    %dup/vec4;
    %pushi/vec4 3, 0, 3;
    %cmp/u;
    %jmp/1 T_10.3, 6;
    %jmp T_10.4;
T_10.0 ;
    %pushi/vec4 0, 0, 3;
    %assign/vec4 v00000000028a5710_0, 0;
    %pushi/vec4 0, 0, 3;
    %assign/vec4 v00000000028a6110_0, 0;
    %jmp T_10.4;
T_10.1 ;
    %load/vec4 v00000000028a4810_0;
    %inv;
    %assign/vec4 v00000000028a4810_0, 0;
    %load/vec4 v00000000028a4810_0;
    %cmpi/e 0, 0, 1;
    %jmp/0xz  T_10.5, 4;
    %pushi/vec4 0, 0, 3;
    %assign/vec4 v00000000028a5710_0, 0;
    %pushi/vec4 0, 0, 3;
    %assign/vec4 v00000000028a6110_0, 0;
    %jmp T_10.6;
T_10.5 ;
    %load/vec4 v00000000028a4810_0;
    %cmpi/e 1, 0, 1;
    %jmp/0xz  T_10.7, 4;
    %pushi/vec4 7, 0, 3;
    %assign/vec4 v00000000028a5710_0, 0;
    %pushi/vec4 7, 0, 3;
    %assign/vec4 v00000000028a6110_0, 0;
T_10.7 ;
T_10.6 ;
    %jmp T_10.4;
T_10.2 ;
    %load/vec4 v00000000028a62f0_0;
    %pad/u 2;
    %dup/vec4;
    %pushi/vec4 1, 0, 2;
    %cmp/u;
    %jmp/1 T_10.9, 6;
    %dup/vec4;
    %pushi/vec4 2, 0, 2;
    %cmp/u;
    %jmp/1 T_10.10, 6;
    %dup/vec4;
    %pushi/vec4 3, 0, 2;
    %cmp/u;
    %jmp/1 T_10.11, 6;
    %pushi/vec4 0, 0, 3;
    %assign/vec4 v00000000028a5710_0, 0;
    %jmp T_10.13;
T_10.9 ;
    %pushi/vec4 1, 0, 3;
    %assign/vec4 v00000000028a5710_0, 0;
    %jmp T_10.13;
T_10.10 ;
    %pushi/vec4 2, 0, 3;
    %assign/vec4 v00000000028a5710_0, 0;
    %jmp T_10.13;
T_10.11 ;
    %pushi/vec4 4, 0, 3;
    %assign/vec4 v00000000028a5710_0, 0;
    %jmp T_10.13;
T_10.13 ;
    %pop/vec4 1;
    %load/vec4 v00000000028a62f0_0;
    %pad/u 3;
    %cmpi/e 3, 0, 3;
    %jmp/0xz  T_10.14, 4;
    %pushi/vec4 0, 0, 1;
    %assign/vec4 v00000000028a62f0_0, 0;
    %jmp T_10.15;
T_10.14 ;
    %load/vec4 v00000000028a62f0_0;
    %pad/u 2;
    %addi 1, 0, 2;
    %pad/u 1;
    %assign/vec4 v00000000028a62f0_0, 0;
T_10.15 ;
    %jmp T_10.4;
T_10.3 ;
    %load/vec4 v00000000028a62f0_0;
    %pad/u 2;
    %dup/vec4;
    %pushi/vec4 1, 0, 2;
    %cmp/u;
    %jmp/1 T_10.16, 6;
    %dup/vec4;
    %pushi/vec4 2, 0, 2;
    %cmp/u;
    %jmp/1 T_10.17, 6;
    %dup/vec4;
    %pushi/vec4 3, 0, 2;
    %cmp/u;
    %jmp/1 T_10.18, 6;
    %pushi/vec4 0, 0, 3;
    %assign/vec4 v00000000028a6110_0, 0;
    %jmp T_10.20;
T_10.16 ;
    %pushi/vec4 4, 0, 3;
    %assign/vec4 v00000000028a6110_0, 0;
    %jmp T_10.20;
T_10.17 ;
    %pushi/vec4 2, 0, 3;
    %assign/vec4 v00000000028a6110_0, 0;
    %jmp T_10.20;
T_10.18 ;
    %pushi/vec4 1, 0, 3;
    %assign/vec4 v00000000028a6110_0, 0;
    %jmp T_10.20;
T_10.20 ;
    %pop/vec4 1;
    %load/vec4 v00000000028a62f0_0;
    %pad/u 3;
    %cmpi/e 3, 0, 3;
    %jmp/0xz  T_10.21, 4;
    %pushi/vec4 0, 0, 1;
    %assign/vec4 v00000000028a62f0_0, 0;
    %jmp T_10.22;
T_10.21 ;
    %load/vec4 v00000000028a62f0_0;
    %pad/u 2;
    %addi 1, 0, 2;
    %pad/u 1;
    %assign/vec4 v00000000028a62f0_0, 0;
T_10.22 ;
    %jmp T_10.4;
T_10.4 ;
    %pop/vec4 1;
    %jmp T_10;
    .thread T_10, $push;
    .scope S_0000000002894df0;
T_11 ;
    %wait E_00000000028b0230;
    %load/vec4 v00000000028a6570_0;
    %pad/u 8;
    %assign/vec4 v00000000028a50d0_0, 0;
    %jmp T_11;
    .thread T_11, $push;
    .scope S_0000000002882580;
T_12 ;
    %pushi/vec4 0, 0, 1;
    %store/vec4 v0000000002916970_0, 0, 1;
    %pushi/vec4 0, 0, 1;
    %store/vec4 v0000000002917050_0, 0, 1;
    %end;
    .thread T_12;
    .scope S_0000000002882580;
T_13 ;
    %wait E_00000000028b1030;
    %load/vec4 v0000000002916970_0;
    %inv;
    %assign/vec4 v0000000002916970_0, 0;
    %jmp T_13;
    .thread T_13;
    .scope S_0000000002882580;
T_14 ;
    %wait E_00000000028b0f70;
    %load/vec4 v0000000002917050_0;
    %inv;
    %assign/vec4 v0000000002917050_0, 0;
    %jmp T_14;
    .thread T_14;
    .scope S_000000000288ee50;
T_15 ;
    %wait E_00000000028b0530;
    %load/vec4 v0000000002917230_0;
    %dup/vec4;
    %pushi/vec4 0, 0, 8;
    %cmp/u;
    %jmp/1 T_15.0, 6;
    %dup/vec4;
    %pushi/vec4 1, 0, 8;
    %cmp/u;
    %jmp/1 T_15.1, 6;
    %dup/vec4;
    %pushi/vec4 2, 0, 8;
    %cmp/u;
    %jmp/1 T_15.2, 6;
    %dup/vec4;
    %pushi/vec4 3, 0, 8;
    %cmp/u;
    %jmp/1 T_15.3, 6;
    %dup/vec4;
    %pushi/vec4 4, 0, 8;
    %cmp/u;
    %jmp/1 T_15.4, 6;
    %dup/vec4;
    %pushi/vec4 5, 0, 8;
    %cmp/u;
    %jmp/1 T_15.5, 6;
    %dup/vec4;
    %pushi/vec4 6, 0, 8;
    %cmp/u;
    %jmp/1 T_15.6, 6;
    %dup/vec4;
    %pushi/vec4 7, 0, 8;
    %cmp/u;
    %jmp/1 T_15.7, 6;
    %dup/vec4;
    %pushi/vec4 8, 0, 8;
    %cmp/u;
    %jmp/1 T_15.8, 6;
    %dup/vec4;
    %pushi/vec4 9, 0, 8;
    %cmp/u;
    %jmp/1 T_15.9, 6;
    %dup/vec4;
    %pushi/vec4 10, 0, 8;
    %cmp/u;
    %jmp/1 T_15.10, 6;
    %dup/vec4;
    %pushi/vec4 11, 0, 8;
    %cmp/u;
    %jmp/1 T_15.11, 6;
    %dup/vec4;
    %pushi/vec4 12, 0, 8;
    %cmp/u;
    %jmp/1 T_15.12, 6;
    %dup/vec4;
    %pushi/vec4 13, 0, 8;
    %cmp/u;
    %jmp/1 T_15.13, 6;
    %dup/vec4;
    %pushi/vec4 14, 0, 8;
    %cmp/u;
    %jmp/1 T_15.14, 6;
    %dup/vec4;
    %pushi/vec4 15, 0, 8;
    %cmp/u;
    %jmp/1 T_15.15, 6;
    %dup/vec4;
    %pushi/vec4 88, 0, 8;
    %cmp/u;
    %jmp/1 T_15.16, 6;
    %dup/vec4;
    %pushi/vec4 99, 0, 8;
    %cmp/u;
    %jmp/1 T_15.17, 6;
    %pushi/vec4 0, 0, 8;
    %store/vec4 v0000000002916f10_0, 0, 8;
    %jmp T_15.19;
T_15.0 ;
    %pushi/vec4 192, 0, 8;
    %store/vec4 v0000000002916f10_0, 0, 8;
    %jmp T_15.19;
T_15.1 ;
    %pushi/vec4 249, 0, 8;
    %store/vec4 v0000000002916f10_0, 0, 8;
    %jmp T_15.19;
T_15.2 ;
    %pushi/vec4 164, 0, 8;
    %store/vec4 v0000000002916f10_0, 0, 8;
    %jmp T_15.19;
T_15.3 ;
    %pushi/vec4 176, 0, 8;
    %store/vec4 v0000000002916f10_0, 0, 8;
    %jmp T_15.19;
T_15.4 ;
    %pushi/vec4 153, 0, 8;
    %store/vec4 v0000000002916f10_0, 0, 8;
    %jmp T_15.19;
T_15.5 ;
    %pushi/vec4 146, 0, 8;
    %store/vec4 v0000000002916f10_0, 0, 8;
    %jmp T_15.19;
T_15.6 ;
    %pushi/vec4 130, 0, 8;
    %store/vec4 v0000000002916f10_0, 0, 8;
    %jmp T_15.19;
T_15.7 ;
    %pushi/vec4 248, 0, 8;
    %store/vec4 v0000000002916f10_0, 0, 8;
    %jmp T_15.19;
T_15.8 ;
    %pushi/vec4 128, 0, 8;
    %store/vec4 v0000000002916f10_0, 0, 8;
    %jmp T_15.19;
T_15.9 ;
    %pushi/vec4 152, 0, 8;
    %store/vec4 v0000000002916f10_0, 0, 8;
    %jmp T_15.19;
T_15.10 ;
    %pushi/vec4 136, 0, 8;
    %store/vec4 v0000000002916f10_0, 0, 8;
    %jmp T_15.19;
T_15.11 ;
    %pushi/vec4 131, 0, 8;
    %store/vec4 v0000000002916f10_0, 0, 8;
    %jmp T_15.19;
T_15.12 ;
    %pushi/vec4 198, 0, 8;
    %store/vec4 v0000000002916f10_0, 0, 8;
    %jmp T_15.19;
T_15.13 ;
    %pushi/vec4 161, 0, 8;
    %store/vec4 v0000000002916f10_0, 0, 8;
    %jmp T_15.19;
T_15.14 ;
    %pushi/vec4 134, 0, 8;
    %store/vec4 v0000000002916f10_0, 0, 8;
    %jmp T_15.19;
T_15.15 ;
    %pushi/vec4 142, 0, 8;
    %store/vec4 v0000000002916f10_0, 0, 8;
    %jmp T_15.19;
T_15.16 ;
    %pushi/vec4 255, 0, 8;
    %store/vec4 v0000000002916f10_0, 0, 8;
    %jmp T_15.19;
T_15.17 ;
    %pushi/vec4 191, 0, 8;
    %store/vec4 v0000000002916f10_0, 0, 8;
    %jmp T_15.19;
T_15.19 ;
    %pop/vec4 1;
    %jmp T_15;
    .thread T_15, $push;
    .scope S_000000000288ecc0;
T_16 ;
    %pushi/vec4 0, 0, 1;
    %store/vec4 v0000000002916bf0_0, 0, 1;
    %pushi/vec4 0, 0, 1;
    %store/vec4 v0000000002915e30_0, 0, 1;
    %end;
    .thread T_16;
    .scope S_000000000288ecc0;
T_17 ;
    %wait E_00000000028b0330;
    %load/vec4 v00000000029172d0_0;
    %dup/vec4;
    %pushi/vec4 0, 0, 3;
    %cmp/u;
    %jmp/1 T_17.0, 6;
    %dup/vec4;
    %pushi/vec4 1, 0, 3;
    %cmp/u;
    %jmp/1 T_17.1, 6;
    %dup/vec4;
    %pushi/vec4 2, 0, 3;
    %cmp/u;
    %jmp/1 T_17.2, 6;
    %dup/vec4;
    %pushi/vec4 3, 0, 3;
    %cmp/u;
    %jmp/1 T_17.3, 6;
    %jmp T_17.4;
T_17.0 ;
    %pushi/vec4 0, 0, 3;
    %assign/vec4 v0000000002917730_0, 0;
    %pushi/vec4 0, 0, 3;
    %assign/vec4 v0000000002917410_0, 0;
    %jmp T_17.4;
T_17.1 ;
    %load/vec4 v0000000002916bf0_0;
    %inv;
    %assign/vec4 v0000000002916bf0_0, 0;
    %load/vec4 v0000000002916bf0_0;
    %cmpi/e 0, 0, 1;
    %jmp/0xz  T_17.5, 4;
    %pushi/vec4 0, 0, 3;
    %assign/vec4 v0000000002917730_0, 0;
    %pushi/vec4 0, 0, 3;
    %assign/vec4 v0000000002917410_0, 0;
    %jmp T_17.6;
T_17.5 ;
    %load/vec4 v0000000002916bf0_0;
    %cmpi/e 1, 0, 1;
    %jmp/0xz  T_17.7, 4;
    %pushi/vec4 7, 0, 3;
    %assign/vec4 v0000000002917730_0, 0;
    %pushi/vec4 7, 0, 3;
    %assign/vec4 v0000000002917410_0, 0;
T_17.7 ;
T_17.6 ;
    %jmp T_17.4;
T_17.2 ;
    %load/vec4 v0000000002915e30_0;
    %pad/u 2;
    %dup/vec4;
    %pushi/vec4 1, 0, 2;
    %cmp/u;
    %jmp/1 T_17.9, 6;
    %dup/vec4;
    %pushi/vec4 2, 0, 2;
    %cmp/u;
    %jmp/1 T_17.10, 6;
    %dup/vec4;
    %pushi/vec4 3, 0, 2;
    %cmp/u;
    %jmp/1 T_17.11, 6;
    %pushi/vec4 0, 0, 3;
    %assign/vec4 v0000000002917730_0, 0;
    %jmp T_17.13;
T_17.9 ;
    %pushi/vec4 1, 0, 3;
    %assign/vec4 v0000000002917730_0, 0;
    %jmp T_17.13;
T_17.10 ;
    %pushi/vec4 2, 0, 3;
    %assign/vec4 v0000000002917730_0, 0;
    %jmp T_17.13;
T_17.11 ;
    %pushi/vec4 4, 0, 3;
    %assign/vec4 v0000000002917730_0, 0;
    %jmp T_17.13;
T_17.13 ;
    %pop/vec4 1;
    %load/vec4 v0000000002915e30_0;
    %pad/u 3;
    %cmpi/e 3, 0, 3;
    %jmp/0xz  T_17.14, 4;
    %pushi/vec4 0, 0, 1;
    %assign/vec4 v0000000002915e30_0, 0;
    %jmp T_17.15;
T_17.14 ;
    %load/vec4 v0000000002915e30_0;
    %pad/u 2;
    %addi 1, 0, 2;
    %pad/u 1;
    %assign/vec4 v0000000002915e30_0, 0;
T_17.15 ;
    %jmp T_17.4;
T_17.3 ;
    %load/vec4 v0000000002915e30_0;
    %pad/u 2;
    %dup/vec4;
    %pushi/vec4 1, 0, 2;
    %cmp/u;
    %jmp/1 T_17.16, 6;
    %dup/vec4;
    %pushi/vec4 2, 0, 2;
    %cmp/u;
    %jmp/1 T_17.17, 6;
    %dup/vec4;
    %pushi/vec4 3, 0, 2;
    %cmp/u;
    %jmp/1 T_17.18, 6;
    %pushi/vec4 0, 0, 3;
    %assign/vec4 v0000000002917410_0, 0;
    %jmp T_17.20;
T_17.16 ;
    %pushi/vec4 4, 0, 3;
    %assign/vec4 v0000000002917410_0, 0;
    %jmp T_17.20;
T_17.17 ;
    %pushi/vec4 2, 0, 3;
    %assign/vec4 v0000000002917410_0, 0;
    %jmp T_17.20;
T_17.18 ;
    %pushi/vec4 1, 0, 3;
    %assign/vec4 v0000000002917410_0, 0;
    %jmp T_17.20;
T_17.20 ;
    %pop/vec4 1;
    %load/vec4 v0000000002915e30_0;
    %pad/u 3;
    %cmpi/e 3, 0, 3;
    %jmp/0xz  T_17.21, 4;
    %pushi/vec4 0, 0, 1;
    %assign/vec4 v0000000002915e30_0, 0;
    %jmp T_17.22;
T_17.21 ;
    %load/vec4 v0000000002915e30_0;
    %pad/u 2;
    %addi 1, 0, 2;
    %pad/u 1;
    %assign/vec4 v0000000002915e30_0, 0;
T_17.22 ;
    %jmp T_17.4;
T_17.4 ;
    %pop/vec4 1;
    %jmp T_17;
    .thread T_17, $push;
    .scope S_000000000288ecc0;
T_18 ;
    %wait E_00000000028b0330;
    %load/vec4 v00000000029172d0_0;
    %pad/u 8;
    %assign/vec4 v00000000029174b0_0, 0;
    %jmp T_18;
    .thread T_18, $push;
    .scope S_000000000287ebe0;
T_19 ;
    %pushi/vec4 0, 0, 1;
    %store/vec4 v0000000002916150_0, 0, 1;
    %pushi/vec4 0, 0, 1;
    %store/vec4 v0000000002916830_0, 0, 1;
    %delay 100, 0;
    %pushi/vec4 1, 0, 1;
    %store/vec4 v0000000002916830_0, 0, 1;
    %end;
    .thread T_19;
    .scope S_000000000287ebe0;
T_20 ;
    %pushi/vec4 0, 0, 3;
    %store/vec4 v00000000029161f0_0, 0, 3;
    %pushi/vec4 0, 0, 3;
    %store/vec4 v0000000002916290_0, 0, 3;
    %pushi/vec4 0, 0, 8;
    %store/vec4 v0000000002915930_0, 0, 8;
    %delay 150, 0;
    %pushi/vec4 0, 0, 3;
    %store/vec4 v0000000002915ed0_0, 0, 3;
    %delay 200, 0;
    %pushi/vec4 1, 0, 3;
    %store/vec4 v0000000002915ed0_0, 0, 3;
    %delay 250, 0;
    %pushi/vec4 2, 0, 3;
    %store/vec4 v0000000002915ed0_0, 0, 3;
    %delay 300, 0;
    %pushi/vec4 3, 0, 3;
    %store/vec4 v0000000002915ed0_0, 0, 3;
    %end;
    .thread T_20;
    .scope S_000000000287ebe0;
T_21 ;
    %delay 50, 0;
    %load/vec4 v0000000002916150_0;
    %inv;
    %store/vec4 v0000000002916150_0, 0, 1;
    %jmp T_21;
    .thread T_21;
    .scope S_000000000287ebe0;
T_22 ;
    %vpi_call 8 56 "$dumpfile", "output.vcd" {0 0 0};
    %vpi_call 8 57 "$dumpvars" {0 0 0};
    %vpi_call 8 58 "$display", "Starting simulation" {0 0 0};
    %end;
    .thread T_22;
    .scope S_000000000287ebe0;
T_23 ;
    %vpi_call 8 63 "$monitor", "%d,\011%b,\011%b,\011%d", $time, v0000000002916150_0, v0000000002916830_0, v0000000002915f70_0, v00000000029159d0_0 {0 0 0};
    %end;
    .thread T_23;
    .scope S_000000000287ebe0;
T_24 ;
    %vpi_call 8 68 "$display", "Simulation ended." {0 0 0};
    %delay 13000, 0;
    %vpi_call 8 69 "$finish" {0 0 0};
    %end;
    .thread T_24;
# The file index is used to find the file name in the following table.
:file_names 9;
    "N/A";
    "<interactive>";
    "Lab3.v";
    "clock_divider.v";
    "NSL.v";
    "OL.v";
    "SevenSeg.v";
    "CSL.v";
    "tb_OL.v";
